I 2021-12-29 14:31:10.792 Test worker/com.prometheanworld.appium.frame.util.CommonMethods: Inside method: initConfigFile
I 2021-12-29 14:31:10.835 Test worker/com.prometheanworld.appium.frame.util.CommonMethods: Inside method: getAppUrl
I 2021-12-29 14:31:10.835 Test worker/com.prometheanworld.appium.frame.util.CommonMethods: Inside method: getEnvironment
I 2021-12-29 14:31:10.845 Test worker/com.prometheanworld.appium.frame.configurations.ConfigurationReader: Test Environment is Local
I 2021-12-29 14:31:10.845 Test worker/com.prometheanworld.appium.frame.util.CommonMethods: Inside method: getTeacherUserName
I 2021-12-29 14:31:10.846 Test worker/com.prometheanworld.appium.frame.util.CommonMethods: Inside method: getPublisherUserName
I 2021-12-29 14:31:10.846 Test worker/com.prometheanworld.appium.frame.util.CommonMethods: Inside method: getPassword
I 2021-12-29 14:31:10.847 Test worker/com.prometheanworld.appium.frame.util.CommonMethods: Inside method: getScreenShortRequired
I 2021-12-29 14:31:10.847 Test worker/com.prometheanworld.appium.frame.configurations.ConfigurationReader: Current Url is https://classflowautqa2.prometheanjira.com
I 2021-12-29 14:31:10.847 Test worker/com.prometheanworld.appium.frame.util.CommonMethods: Inside method: getTestRailRunID
I 2021-12-29 14:31:10.848 Test worker/com.prometheanworld.appium.frame.util.CommonMethods: Inside method: getUpdateTestRail
I 2021-12-29 14:31:10.848 Test worker/com.prometheanworld.appium.frame.util.CommonMethods: Inside method: getTestRailKey
I 2021-12-29 14:31:10.849 Test worker/com.prometheanworld.appium.frame.util.CommonMethods: Inside method: getTestRailUser
I 2021-12-29 14:31:10.849 Test worker/com.prometheanworld.appium.frame.util.CommonMethods: Inside method: getTestRailKey
I 2021-12-29 14:31:10.849 Test worker/com.prometheanworld.appium.frame.util.CommonMethods: Inside method: getTestRailUser
I 2021-12-29 14:31:12.099 Test worker/com.prometheanworld.appium.frame.AppiumHelper: Device online, return 192.168.84.149:5555
W 2021-12-29 14:31:17.310 Test worker/com.prometheanworld.appium.frame.BaseTestMethods: both testAppPath and testAppPackageName/testAppActivityName are empty
D 2021-12-29 14:31:17.311 Test worker/com.nd.automation.core.appium.DriverCacheImpl: startAppiumService
D 2021-12-29 14:31:18.356 Test worker/com.nd.automation.core.command.Adb: forceStop: io.appium.uiautomator2.server
D 2021-12-29 14:31:33.363 Test worker/com.nd.automation.core.appium.DriverCacheImpl: startMobileDriver
D 2021-12-29 14:31:53.582 Test worker/com.nd.automation.core.action.element.ElementHelper: waitUntilPresent(timeOut=5s,sleep=500ms): By.id: com.prometheanworld.unifiedlauncher:id/usericon
D 2021-12-29 14:31:59.184 Test worker/com.nd.automation.core.action.element.ElementHelper: waitUntilPresent(timeOut=5s,sleep=500ms): By.id: com.prometheanworld.unifiedlauncher:id/lock_input_area
I 2021-12-29 14:32:05.182 Test worker/com.prometheanworld.appium.frame.AppiumHelper: No PIN is set, enter homepage successfully
D 2021-12-29 14:32:05.405 Test worker/com.nd.automation.core.action.screen.ScreenHelper: clickAt[0.8, 0.8]: full screen
W 2021-12-29 14:32:06.189 Test worker/com.prometheanworld.appium.frame.BaseTestMethods: both testAppPath and testAppPackageName/testAppActivityName are empty
D 2021-12-29 14:32:06.225 Test worker/com.nd.automation.core.action.element.ElementHelper: waitUntilPresent(timeOut=5s,sleep=500ms): By.id: com.prometheanworld.unifiedlauncher:id/usericon
D 2021-12-29 14:32:12.181 Test worker/com.nd.automation.core.action.element.ElementHelper: waitUntilPresent(timeOut=5s,sleep=500ms): By.id: com.prometheanworld.unifiedlauncher:id/lock_input_area
I 2021-12-29 14:32:18.172 Test worker/com.prometheanworld.appium.frame.AppiumHelper: No PIN is set, enter homepage successfully
D 2021-12-29 14:32:18.276 Test worker/com.nd.automation.core.action.screen.ScreenHelper: clickAt[0.8, 0.8]: full screen
D 2021-12-29 14:32:18.458 Test worker/com.nd.automation.core.action.screen.ScreenHelper: clickAt[CENTER]: full screen
I 2021-12-29 14:32:18.867 Test worker/com.nd.automation.core.runner.TestStatusListener: -------------Test C83116C83132SignInAndRemovedGoogleDriveAccountTest Start---------------
I 2021-12-29 14:32:18.868 Test worker/com.prometheanworld.appium.frame.TestRail: Case testrail ID: C83116,C83132
I 2021-12-29 14:32:18.868 Test worker/com.prometheanworld.appium.frame.TestRail: Case step: Unified menu-> Locker->Open Cloud Connect app, Click Google Drive Enter the correct account and password to confirm the login
D 2021-12-29 14:32:18.876 Test worker/com.nd.automation.core.action.screen.ScreenHelper: clickAt[0.5, 0.999]: full screen
D 2021-12-29 14:32:21.168 Test worker/com.nd.automation.core.appium.DriverCacheImpl: startMobileDriver
I 2021-12-29 14:32:30.279 Test worker/com.prometheanworld.appium.frame.AppiumHelper: Locker: Click Locker in bottom menu successful
D 2021-12-29 14:32:30.280 Test worker/com.nd.automation.core.action.element.ElementHelper: waitUntilPresent(timeOut=30s,sleep=500ms): By.xpath: //*[contains(@text, 'Apps')]
I 2021-12-29 14:32:39.251 Test worker/com.prometheanworld.appium.frame.util.CommonOperator: Cloud Connect: No need to grant permissions
D 2021-12-29 14:32:40.251 Test worker/com.nd.automation.core.action.element.ElementHelper: click: By.id: com.prometheanworld.cloudcoupler:id/google_drive_btn
I 2021-12-29 14:32:40.350 Test worker/com.prometheanworld.appium.frame.AppiumHelper: Click the com.prometheanworld.cloudcoupler:id/google_drive_btn By ID successfully
D 2021-12-29 14:32:49.480 Test worker/com.nd.automation.core.action.element.ElementHelper: click: By.xpath: //android.widget.Button[@text='Next']
I 2021-12-29 14:32:50.601 Test worker/com.prometheanworld.appium.frame.AppiumHelper: Click the //android.widget.Button[@text='Next'] By Xpath successfully
D 2021-12-29 14:32:57.609 Test worker/com.nd.automation.core.action.screen.ScreenHelper: clickAt[0.8, 0.8]: full screen
D 2021-12-29 14:32:59.180 Test worker/com.nd.automation.core.action.element.ElementHelper: click: By.xpath: //android.widget.Button[@text='Next']
I 2021-12-29 14:33:00.238 Test worker/com.prometheanworld.appium.frame.AppiumHelper: Click the //android.widget.Button[@text='Next'] By Xpath successfully
D 2021-12-29 14:33:05.239 Test worker/com.nd.automation.core.action.element.ElementHelper: click: By.xpath: //android.widget.TextView[@text='Advanced']
I 2021-12-29 14:33:05.585 Test worker/com.prometheanworld.appium.frame.AppiumHelper: Click the //android.widget.TextView[@text='Advanced'] By Xpath successfully
D 2021-12-29 14:33:05.586 Test worker/com.nd.automation.core.action.element.ElementHelper: click: By.xpath: //android.widget.TextView[@text='Go to Promethean Cloud Coupler dev (unsafe)']
I 2021-12-29 14:33:06.297 Test worker/com.prometheanworld.appium.frame.AppiumHelper: Click the //android.widget.TextView[@text='Go to Promethean Cloud Coupler dev (unsafe)'] By Xpath successfully
D 2021-12-29 14:33:23.366 Test worker/com.nd.automation.core.action.element.ElementHelper: waitUntilPresent(timeOut=3s,sleep=500ms): By.xpath: //*[contains(@text, 'luciferjiahui@gmail.com')]
I 2021-12-29 14:33:23.597 Test worker/com.prometheanworld.appium.frame.TestRail: Case step: Cancel removed login Google Drive account
D 2021-12-29 14:33:23.599 Test worker/com.nd.automation.core.action.element.ElementHelper: click: By.id: com.prometheanworld.cloudcoupler:id/settings
I 2021-12-29 14:33:23.703 Test worker/com.prometheanworld.appium.frame.AppiumHelper: Click the com.prometheanworld.cloudcoupler:id/settings By ID successfully
D 2021-12-29 14:33:23.704 Test worker/com.nd.automation.core.action.element.ElementHelper: click: By.id: com.prometheanworld.cloudcoupler:id/remove_account
I 2021-12-29 14:33:24.402 Test worker/com.prometheanworld.appium.frame.AppiumHelper: Click the com.prometheanworld.cloudcoupler:id/remove_account By ID successfully
D 2021-12-29 14:33:24.404 Test worker/com.nd.automation.core.action.element.ElementHelper: click: By.id: com.prometheanworld.cloudcoupler:id/cancel
I 2021-12-29 14:33:25.265 Test worker/com.prometheanworld.appium.frame.AppiumHelper: Click the com.prometheanworld.cloudcoupler:id/cancel By ID successfully
D 2021-12-29 14:33:25.266 Test worker/com.nd.automation.core.action.element.ElementHelper: waitUntilPresent(timeOut=3s,sleep=500ms): By.xpath: //*[contains(@text, 'luciferjiahui@gmail.com')]
I 2021-12-29 14:33:26.377 Test worker/com.prometheanworld.appium.frame.TestRail: Case step: Removed login Google Drive account and close Cloud Connect app
D 2021-12-29 14:33:26.378 Test worker/com.nd.automation.core.action.element.ElementHelper: click: By.id: com.prometheanworld.cloudcoupler:id/settings
I 2021-12-29 14:33:26.460 Test worker/com.prometheanworld.appium.frame.AppiumHelper: Click the com.prometheanworld.cloudcoupler:id/settings By ID successfully
D 2021-12-29 14:33:26.461 Test worker/com.nd.automation.core.action.element.ElementHelper: click: By.id: com.prometheanworld.cloudcoupler:id/remove_account
I 2021-12-29 14:33:27.315 Test worker/com.prometheanworld.appium.frame.AppiumHelper: Click the com.prometheanworld.cloudcoupler:id/remove_account By ID successfully
D 2021-12-29 14:33:27.316 Test worker/com.nd.automation.core.action.element.ElementHelper: click: By.id: com.prometheanworld.cloudcoupler:id/remove
I 2021-12-29 14:33:28.270 Test worker/com.prometheanworld.appium.frame.AppiumHelper: Click the com.prometheanworld.cloudcoupler:id/remove By ID successfully
D 2021-12-29 14:33:31.271 Test worker/com.nd.automation.core.action.element.ElementHelper: waitUntilPresent(timeOut=3s,sleep=500ms): By.xpath: //*[contains(@text, 'luciferjiahui@gmail.com')]
D 2021-12-29 14:33:34.311 Test worker/com.nd.automation.core.action.element.ElementHelper: waitUntilPresent(timeOut=3s,sleep=500ms): By.id: com.prometheanworld.cloudcoupler:id/google_drive_btn
D 2021-12-29 14:33:34.345 Test worker/com.nd.automation.core.action.element.ElementHelper: waitUntilPresent(timeOut=3s,sleep=500ms): By.id: com.prometheanworld.cloudcoupler:id/one_drive_btn
D 2021-12-29 14:33:34.382 Test worker/com.nd.automation.core.action.element.ElementHelper: click: By.id: com.prometheanworld.cloudcoupler:id/close_button
I 2021-12-29 14:33:34.466 Test worker/com.prometheanworld.appium.frame.AppiumHelper: Click the com.prometheanworld.cloudcoupler:id/close_button By ID successfully
I 2021-12-29 14:33:34.468 Test worker/com.prometheanworld.appium.frame.util.CommonMethods: Inside method: addResultForTestCase
I 2021-12-29 14:33:34.469 Test worker/com.prometheanworld.appium.frame.TestRail: Updating Test rail result
I 2021-12-29 14:33:39.142 Test worker/com.prometheanworld.appium.frame.TestRail: TestRail API returned HTTP 400("Field :case_id is not a valid ID.")
I 2021-12-29 14:33:39.648 Test worker/com.prometheanworld.appium.frame.TestRail: TestRail API returned HTTP 400("Field :case_id is not a valid ID.")
I 2021-12-29 14:33:39.650 Test worker/com.nd.automation.core.runner.TestStatusListener: -------------Test C83116C83132SignInAndRemovedGoogleDriveAccountTest End---------------
D 2021-12-29 14:33:40.069 Test worker/com.nd.automation.core.appium.DriverCacheImpl: stopMobileDriver
D 2021-12-29 14:33:40.149 Test worker/com.nd.automation.core.appium.DriverCacheImpl: stopAppiumService
